<?xml version="1.0" encoding="UTF-8"?>
<!-- Generated by org.testng.reporters.JUnitReportReporter -->
<testsuite skipped="0" hostname="ramsunkara" name="Tests.MultipleThreads" tests="4" failures="0" timestamp="20 Nov 2019 12:19:43 GMT" time="232.913" errors="0">
  <testcase name="test1" time="79.705" classname="Tests.MultipleThreads"/>
  <testcase name="test3" time="23.813" classname="Tests.MultipleThreads"/>
  <testcase name="test4" time="39.468" classname="Tests.MultipleThreads"/>
  <testcase name="test2" time="89.927" classname="Tests.MultipleThreads"/>
</testsuite> <!-- Tests.MultipleThreads -->
