<?xml version="1.0" encoding="UTF-8"?>
<!-- Generated by org.testng.reporters.JUnitReportReporter -->
<testsuite skipped="0" hostname="ramsunkara" name="Tests.TestMethods" tests="5" failures="0" timestamp="17 Nov 2020 11:56:45 GMT" time="0.033" errors="0">
  <testcase name="test5" time="0.012" classname="Tests.TestMethods"/>
  <testcase name="test2" time="0.012" classname="Tests.TestMethods"/>
  <testcase name="test4" time="0.001" classname="Tests.TestMethods"/>
  <testcase name="test3" time="0.007" classname="Tests.TestMethods"/>
  <testcase name="test1" time="0.001" classname="Tests.TestMethods"/>
</testsuite> <!-- Tests.TestMethods -->
