<?xml version="1.0" encoding="UTF-8"?>
<!-- Generated by org.testng.reporters.JUnitReportReporter -->
<testsuite skipped="0" hostname="ramsunkara" name="Tests.InstanceWithAnotherMethod" tests="2" failures="0" timestamp="17 Nov 2020 11:39:13 GMT" time="0.012" errors="0">
  <testcase name="test1" time="0.008" classname="Tests.InstanceWithAnotherMethod"/>
  <testcase name="test2" time="0.004" classname="Tests.InstanceWithAnotherMethod"/>
</testsuite> <!-- Tests.InstanceWithAnotherMethod -->
