<?xml version="1.0" encoding="UTF-8"?>
<!-- Generated by org.testng.reporters.JUnitReportReporter -->
<testsuite skipped="0" hostname="ramsunkara" name="Constatns.TestsDemo" tests="3" failures="0" timestamp="17 Nov 2020 12:10:22 GMT" time="0.078" errors="0">
  <testcase name="testname" time="0.004" classname="Constatns.TestsDemo"/>
  <testcase name="test2" time="0.006" classname="Constatns.TestsDemo"/>
  <testcase name="test1" time="0.068" classname="Constatns.TestsDemo"/>
</testsuite> <!-- Constatns.TestsDemo -->
