<?xml version="1.0" encoding="UTF-8"?>
<!-- Generated by org.testng.reporters.JUnitReportReporter -->
<testsuite skipped="0" hostname="ramsunkara" name="Tests.Clarification" tests="2" failures="0" timestamp="22 Oct 2019 05:30:45 GMT" time="0.015" errors="0">
  <testcase name="test5" time="0.010" classname="Tests.Clarification"/>
  <testcase name="test6" time="0.005" classname="Tests.Clarification"/>
</testsuite> <!-- Tests.Clarification -->
